A00904829C0A10ACE856E2355042F75DD677ACECB6EF86267565FC4A26A13D49
3976BC5F70D058F199AB00644280378E8FC4597D335C87EC333F98E49076F14D
A02D04D80C13AA46FD8BD3D9A58ED85F840CEDF61EC83D1DF5CE191221A8FF4C
6E3224387F7594BD7F688720304F7E5355E8151FBCC107F80F7AC152E91822CE
9EEFDB32EBFF2031EC0E67F344C6A74239E325F6ACDBB60DD13B308EF7159FA4
756A2DE332BD9A720D8CC4B3E8FA0C1C305408A1700ED0A48F9DA993B2E98C20
648FB3C73DAD732B2B01BBF458BF203E379BCA89F10339C2C32188F337FB45F3
500A031CB2AA0B1D569D8CB408E411A494B6660E13FC2C19CE61A559FEE3B465
4C61FCE1594C6B1EBC202D0B5F81E67834AC9AE153B3A8D346172F7F8DAD8184
E16874E7A622F6179934B2DAE7539F4D3CBB4950F1E2F2D82D7D792CA9E041DF
679F38318BC2C7292934602FE73667782576DC6A41FAEF9DF2BFC87387D1DF1F
2CC4FBE47EC55B21D634625FD7AFA9DF4AC7E3C638D2EDC6C8AAC3C5F295D1C4
C612C12A96DAE3824EE5C7E3F2A4356E11635CCB7803915B0C70406F8773F622
C5DF4EF13424F13BDE61989E87DFA297F1937CFD7CD64947A175E285E8893A36
3DF20A5070B08B222B80E5078A10E6AAB8C62AD29C48C1BCA42B64A55B92DA70
52DFC13B2DA1742B0609AAFF3E71E00EA3BF4E2221B4B06585DC30451160B92A
F119618FA7FE542F33AFDB09AA08AE95FF2637D4E1402308BF94B4FD130275F8
83BB65128E77550D947F6D3B8CCE10409C85762FFA068298D4E89A1115D95727
749B9D1FE926036F7153688A82E30A4C930E4400D7672FBEE51271F81CB99C8C
BE757DF4FAE414630FBC89441E1F8E1B51E2EAD6437DADA90D24C1F20F6DDAAF
EA3D916687B0057935F182747B506E7AAFEC60BBB53E7F1B3774B0DC6778E811
4D954876AB5CC6831F36ECC61E81CC358A6FA83A58A9660306DF8421DE74F77F
399B98135AA57C9E277B5CA4E063CF4744BCBD08A36385288FF60987A4B4345A
93845B8AC9A0E38CD4FAD24FA2BCE7894A5B6287CBA438104CB6986B6A3B3950
6AE6A2C318B2F0D84C08FFA23C8C5F61B31C758EAB26676449329BF403369E7B
532594BBC07EB823F014D10F708FB4AB096066A3670B2F807C4938E8EBFE2CA9
3099A6DAAE1753AB3AAB95F45A0C9BDA63CD10D22A1246CE80F4593575A4A20F
900A0DCE4D39F93EBACDCFA3D6B0BA0291925F3F3E758E7EFF56622574A8215C
1187FDE940EC2DE72B2DFEA47B00721E7D4C73FE6E005E9DE3A7A00AD18CD4C8
DF04014829C2C35CD7ADC6C207EEF0247DEC09627420AF40544C775396095FED
32340085A75DFA921C14F49F657B8392716A2A715B8085CE889C312E6D0F4EC9
A34FDB9086EC8DBB1360DAE71F768FCF974A147900276B786761640788F475C3
0D71FCE1875EBABE2675DE8448D26D6A847AF5A46605E3ECE5EB28ACEAE2341E
706EF66DDA6A0B7AEB037FFEF0C1396695F60FBC1B5A5454B6163D83BD323FD2
6457A5427E0E231BB363F83F989FDAB39A191D375A0A2403799DD08AD389B87F
4C788D1016D7A0E52588ACB05E1FB8CB64715613B97A39BDE6B1A5FA3F7B713F
E8E59B4F08A68C6C4FC1CAF69FBE5F9CC3097871BD80A1E08A7E6C9DD21A7D73
310A1C97683A7ADCAD0FF3D6A420295BE2711E48E87A3CE276F3D671783BDA64
8971FEE31E8B88E3C3E0495225892EED679DC0E46B117C5BAD9602B154D1C2AE
1C638E0E8F7C196052C62FF1EF686FFB540DEB466CF4C83CEB00DC56267DDF00
B8C6C6E64059B162D37FA2FFCDC299080ED67EDE2CE5C951871DC0D051BA67BC
53F9E9E7875E4C1BAA0BA6445636E5836B03A354E0CDD0B40EB40D2715F35AF0
602B1715D89090EC03A3F092CDB83CF561867BDF1BC9DA02BD9E04A7EF7D70D5
5AAA1C4F1EBA05A1E728952982FA587B6D49545EC16607E6E41B80E70E6C768B
C8DA97AF7A2938B3980F1A826B9DDAC87BFC99E3C250489B16CC1AB87F53F401
29378C4AA2CD365EDDDAD87DB44BD80C597F589F6160D5216A7AA71437DD0E1B
CB4EA73FCD12612C0D9107797D5C411306DFF8A62028298793940584D5F97ED1
ED569962BBA5CC9F4EC60D60E903C831A8DF0073A2625EA4248991BCA7172D31
D0C838B62DAFED43A2B0E53F9BACCC37F176D95A96799112255F649D017A93D8
4B7D98CED2DA7C5193A748751EE71961B1A952E7B5CB04B34F60ADD657439942
6ABFCF8D5F9E2CAF20FB344C7493A26D9ACDBDBB4812F7A7CE548AA9F3028EC2
B57D74856D7FABDE7B66D4C59F1638A44AAC010EEA42C023A1EBBA954089EF6D
533AAAB6D60CC9D804D99097F330E031F055571AAE9D3FDB169ED8174ACC7FA5
62B64697228CF0C7BA4CD7EB030C8015D15B669EB30FA6D1CA0D46DABA4F163D
B5E2D04877F05418A0C8BF69C597A6BE05F1E92FD48EA2A98E3E3B04A7F864BB
D9194024CA3A948E72F1AF9702FC3D482194E0188B530B84E412A6E19E74BE5E
CFEF0BE6C58EA366F89AE2891685A57342E8F7EE57E32E97BFA27906444C8DD1
E5F758DA5DE6A942AF537AFA000FE6A0D9F11F5EB317E4B690EDBEE74900BEC6
EE233D7E53B35CB7172459D3713DB404EB0D6881FEED7E3D947BBCC2055B813C
5A2A8C316D9A8573086D866C3A95449B0E53A4EF29EFD63E0E143A6136889598
3CBEE1BF7A9315C50A1C8BF7AFF109022EA1CB9D70EC3C1CB1065BE748A715C2
828B5F7D5F50F15764FB37BE16BA7BC6125BF7CD49BDFAFBB7DEB2A74F89B7D2
316857F311A9CC9372C1E9AA5CE825B634BC9BB7AD60BB2DC1F2EFA5EEDEE67B
84B309C5D59A15805CC496F160CD94AAF98AE9F0D62F34DA8DF7797A3E382E7F
8D825A6660B25B179A12C596042B34A56B333898701396C004074FD299A1F704
D91B5E3A18A6DD8BF0B86BC2A344186D7674B8408ECF3EC7BD5CCF79F2E6F701
A03489963002E953A314F62313FFCA290DE63122B006A33747A08076A811B09D
14AB2036FCAB751181A6E94A3CDFFC6C6B4D9C8CFC888EC4A9E5D899344941BB
1DCD40F296B3F9D7C22181B2B50A4A3F56235DEE5DAFCEC4AB612EBD2AF4DBD5
1DBA321D4179F537DC0A90A5D4AF9CC040A97BE5C4B94933ECCB7C6952BFE210
A22659C4431211CACE712E7FF08F5E95324D1CE048E778FFC53F9492F429C98F
0CF0C826D2240FE37EDA3F90B77A2417EFA71788CA3CEF8991E6FF31650B321F
06E1717A4046C217AC72DA764119DE3E9BE284A2B7F6167652F866DD02F3CF19
EC94155AE5284740D4B8D01EEBB04518F2A1907754A5F4F166F2C2374E18B72C
1F32D5EDDC0AA3C8D36CB7969BCFE89C3C8837798C72B10DA236C0716739811F
3EE6CCFC55AF0E7AC50661F0A55F8F6D73E97BE4143193AF9D9C8BB1FC8508A8
8CC3A0B940C5094D828FF588E9FBA5FB1E7AD60FE8DE291DC282263A85619D73
D1CDECA2D40A726353028BCCD732A8BAE99D3F139200F0793EDF64FB4116E801
E9F4068EA87ECAE4DC0381CCAE43A6378E172CC2CD7F7EB358493B4DACC4C416
727276373F46DA7287F598E5C4FDB9EC87F176DFAEB3BA353414145588FD192E
04BBC68C19B687719AD5779A252A06C9C8DF40D9C0BEE7A1EE2C931C5551FE2B
62E9DFDADB6E4E953EE6C0C9DFB75498425D66026AA5A2140739E41F8058B6A5
343D3E6546A927CDF52FC03395DF146914F245288BF9B7306F8E0B8A8C11B417
BCEF703760134EB59C6B79F2918D2ED472AD1D5E7CF4DA8B55B0D9EFE2FB6EB3
5D8B80B645872869A233E1310CC62EE72095504BA1CCCB40BEC681EF5ABF66C2
E4CC947BC139A052B05FD662F3E874D29DAB322F518DDA85365AED652FA8A326
D2AFE1461D56AE42738E771482E24FEC3C068278908526C75C7DEC07A4A4AC8D
FAAAA01D22103C01235283285F3E3563837A705EB66231A4A8C0A949FEBAD591
36EAC9DCDF90FD31E35B29ABBAE06F50669219B34EABAB6E6B0985AB81C6D656
C1BC2D7C0660F84D91211E37C2C2CC626DF4D238C6E19E0666969C653C61F36B
7330DCE53B94D32B4DEF451108E9F36F82BD1680C7E86DAA19BEBCD92FD1E8F3
83BB577BB83709C0491FA408ABAD3F95824DC25C4D480DA9AA7777848665E438
315021DBDD593230FCC03422064B346F9D36493FDA38ED7CCA8B23CB776FC05E
953A6E66BAEB0C76CACC16F59CF643358E61BF40466F2C9E29F06BB94A485E68
7A22A5ACD90B9483D2F014DBD2FAFF0ACF3929689A769180BB64818B5D0C078C
79148045E6D6A58B3CB95E8E5E2BB0A5B3A30CDB8D25CDFD0838A1315C565F7D
C9AA434010BFC01ABEF9EA5D541B9DD0089250B0BBAA79CB2EF52247707EA2E5
723E2A8CCBA432100D965CAA79A0B5AB09022E33F7AD141AEA57F007A2C8853F
310560AD969630B22BB35012B4CD9C2FABED987DE969B84BFFACB093D251AB92
B1C462DF2BD1FB8DF24A618C1A3FC6639192D7F4FD7716EA598F0DEF3BCFC5CE
